#
# A fatal error has been detected by the Java Runtime Environment:
#
#  EXCEPTION_ACCESS_VIOLATION (0xc0000005) at pc=0x000000006487e063, pid=18632, tid=0x0000000000005744
#
# JRE version: Java(TM) SE Runtime Environment (8.0_201-b09) (build 1.8.0_201-b09)
# Java VM: Java HotSpot(TM) 64-Bit Server VM (25.201-b09 mixed mode windows-amd64 compressed oops)
# Problematic frame:
# V  [jvm.dll+0xfe063]
#
# Failed to write core dump. Minidumps are not enabled by default on client versions of Windows
#
# If you would like to submit a bug report, please visit:
#   http://bugreport.java.com/bugreport/crash.jsp
#

---------------  T H R E A D  ---------------

Current thread (0x00000000177e9800):  VMThread [stack: 0x00000000194c0000,0x00000000195c0000] [id=22340]

siginfo: ExceptionCode=0xc0000005, reading address 0xffffffffffffffff

Registers:
RAX=0x0000000000000035, RBX=0x00000000195bf320, RCX=0x00000000195bf320, RDX=0xffffffffffffcb75
RSP=0x00000000195bf0d0, RBP=0x00000000195bf140, RSI=0x00000000195bf320, RDI=0x00000000000000a1
R8 =0x0000000000000035, R9 =0x00000000176754a0, R10=0x03ffffffffffff2d, R11=0x00000000173612e6
R12=0x0000000000000000, R13=0x000000006487e040, R14=0x000000000000008e, R15=0x0000000000000001
RIP=0x000000006487e063, EFLAGS=0x0000000000010a07

Top of Stack: (sp=0x00000000195bf0d0)
0x00000000195bf0d0:   00000000195bf320 00000000195bf140
0x00000000195bf0e0:   000000000000008e 000000006483263e
0x00000000195bf0f0:   00000000195bf320 000000006487fe49
0x00000000195bf100:   0000479e7030e7ca 00000000195bf320
0x00000000195bf110:   00000000195bf320 000000006487f926
0x00000000195bf120:   00000000195bf190 00000000173612b9
0x00000000195bf130:   000000000000000e 000000006487f926
0x00000000195bf140:   00000000000003d8 00000000176757d8
0x00000000195bf150:   0000000000000000 00000000000000a1
0x00000000195bf160:   00000000177e9800 00000000648808d4
0x00000000195bf170:   00000000195bf320 0000000000000000
0x00000000195bf180:   000000000000008e 000000000000008b
0x00000000195bf190:   0000000017361720 00000000177e9800
0x00000000195bf1a0:   000000910000008e 000000a1000003b2
0x00000000195bf1b0:   000000001ac90000 00000000000000a1
0x00000000195bf1c0:   0000000000000003 00000000000003d8 

Instructions: (pc=0x000000006487e063)
0x000000006487e043:   83 ec 20 4c 8b 89 90 00 00 00 48 63 d2 48 8b d9
0x000000006487e053:   0f b6 c2 4c 8b d2 24 3f 49 c1 ea 06 44 0f b6 c0
0x000000006487e063:   4b 8b 04 d1 4c 0f a3 c0 72 0f 48 83 c1 70 41 b0
0x000000006487e073:   01 e8 87 8a 17 00 ff 43 6c 48 83 c4 20 5b c3 cc 


Register to memory mapping:

RAX=0x0000000000000035 is an unknown value
RBX=0x00000000195bf320 is an unknown value
RCX=0x00000000195bf320 is an unknown value
RDX=0xffffffffffffcb75 is an unknown value
RSP=0x00000000195bf0d0 is an unknown value
RBP=0x00000000195bf140 is an unknown value
RSI=0x00000000195bf320 is an unknown value
RDI=0x00000000000000a1 is an unknown value
R8 =0x0000000000000035 is an unknown value
R9 =0x00000000176754a0 is an unknown value
R10=0x03ffffffffffff2d is an unknown value
R11=0x00000000173612e6 is pointing into metadata
R12=0x0000000000000000 is an unknown value
R13=0x000000006487e040 is an unknown value
R14=0x000000000000008e is an unknown value
R15=0x0000000000000001 is an unknown value


Stack: [0x00000000194c0000,0x00000000195c0000],  sp=0x00000000195bf0d0,  free space=1020k
Native frames: (J=compiled Java code, j=interpreted, Vv=VM code, C=native code)
V  [jvm.dll+0xfe063]
V  [jvm.dll+0xffe49]
V  [jvm.dll+0x1008d4]
V  [jvm.dll+0x103cb4]
V  [jvm.dll+0xc51ae]
V  [jvm.dll+0xc5838]
V  [jvm.dll+0xc596a]
V  [jvm.dll+0xc5b68]
V  [jvm.dll+0x10fb3a]
V  [jvm.dll+0x12d45f]
V  [jvm.dll+0x1bf61f]
V  [jvm.dll+0x24d407]
V  [jvm.dll+0x24c6a6]
V  [jvm.dll+0x24cb41]
V  [jvm.dll+0x24cd5e]
V  [jvm.dll+0x29fb6a]
C  [msvcr100.dll+0x21db7]
C  [msvcr100.dll+0x21e53]
C  [KERNEL32.DLL+0x17bd4]
C  [ntdll.dll+0x6ce51]

VM_Operation (0x000000001a2ff530): GetOrSetLocal, mode: safepoint, requested by thread 0x00000000196fb800


---------------  P R O C E S S  ---------------

Java Threads: ( => current thread )
  0x000000001be61800 JavaThread "Exec Stream Pumper" daemon [_thread_in_native, id=6956, stack(0x000000001e280000,0x000000001e380000)]
  0x000000001be61000 JavaThread "Exec Stream Pumper" daemon [_thread_in_native, id=17640, stack(0x000000001e180000,0x000000001e280000)]
  0x000000001be5e000 JavaThread "Exec Default Executor" daemon [_thread_in_native, id=22732, stack(0x000000001df80000,0x000000001e080000)]
  0x000000001b00d000 JavaThread "ReaderThread" [_thread_in_native, id=18588, stack(0x000000001b400000,0x000000001b500000)]
  0x00000000197ab800 JavaThread "Service Thread" daemon [_thread_blocked, id=21948, stack(0x000000001a900000,0x000000001aa00000)]
  0x0000000019724800 JavaThread "C1 CompilerThread3" daemon [_thread_blocked, id=12796, stack(0x000000001a800000,0x000000001a900000)]
  0x0000000019721800 JavaThread "C2 CompilerThread2" daemon [_thread_blocked, id=14744, stack(0x000000001a700000,0x000000001a800000)]
  0x0000000019721000 JavaThread "C2 CompilerThread1" daemon [_thread_blocked, id=17804, stack(0x000000001a600000,0x000000001a700000)]
  0x000000001971b000 JavaThread "C2 CompilerThread0" daemon [_thread_blocked, id=22144, stack(0x000000001a500000,0x000000001a600000)]
  0x000000001970d800 JavaThread "JDWP Command Reader" daemon [_thread_in_native, id=23332, stack(0x000000001a400000,0x000000001a500000)]
  0x0000000019708000 JavaThread "JDWP Event Helper Thread" daemon [_thread_blocked, id=6784, stack(0x000000001a300000,0x000000001a400000)]
  0x00000000196fb800 JavaThread "JDWP Transport Listener: dt_socket" daemon [_thread_blocked, id=14268, stack(0x000000001a200000,0x000000001a300000)]
  0x00000000196ef800 JavaThread "Attach Listener" daemon [_thread_blocked, id=19920, stack(0x0000000019dc0000,0x0000000019ec0000)]
  0x00000000177fe800 JavaThread "Signal Dispatcher" daemon [_thread_blocked, id=20280, stack(0x0000000019cc0000,0x0000000019dc0000)]
  0x000000000286e000 JavaThread "Finalizer" daemon [_thread_blocked, id=21712, stack(0x0000000019ac0000,0x0000000019bc0000)]
  0x000000000286d000 JavaThread "Reference Handler" daemon [_thread_blocked, id=13064, stack(0x00000000195c0000,0x00000000196c0000)]
  0x0000000002777000 JavaThread "main" [_thread_blocked, id=16984, stack(0x0000000002670000,0x0000000002770000)]

Other Threads:
=>0x00000000177e9800 VMThread [stack: 0x00000000194c0000,0x00000000195c0000] [id=22340]
  0x0000000019806000 WatcherThread [stack: 0x000000001aa00000,0x000000001ab00000] [id=14180]

VM state:at safepoint (normal execution)

VM Mutex/Monitor currently owned by a thread:  ([mutex/lock_event])
[0x0000000002773af0] Threads_lock - owner thread: 0x00000000177e9800

heap address: 0x0000000081c00000, size: 2020 MB, Compressed Oops mode: 32-bit
Narrow klass base: 0x0000000000000000, Narrow klass shift: 3
Compressed class space size: 1073741824 Address: 0x0000000100000000

Heap:
 PSYoungGen      total 38400K, used 9657K [0x00000000d5f00000, 0x00000000da080000, 0x0000000100000000)
  eden space 33280K, 17% used [0x00000000d5f00000,0x00000000d64c3e20,0x00000000d7f80000)
  from space 5120K, 73% used [0x00000000d7f80000,0x00000000d832a700,0x00000000d8480000)
  to   space 10240K, 0% used [0x00000000d9680000,0x00000000d9680000,0x00000000da080000)
 ParOldGen       total 67072K, used 10866K [0x0000000081c00000, 0x0000000085d80000, 0x00000000d5f00000)
  object space 67072K, 16% used [0x0000000081c00000,0x000000008269c890,0x0000000085d80000)
 Metaspace       used 25466K, capacity 25900K, committed 26240K, reserved 1073152K
  class space    used 3166K, capacity 3358K, committed 3456K, reserved 1048576K

Card table byte_map: [0x0000000011c30000,0x0000000012030000] byte_map_base: 0x0000000011822000

Marking Bits: (ParMarkBitMap*) 0x0000000064fa4ce0
 Begin Bits: [0x0000000012ae0000, 0x0000000014a70000)
 End Bits:   [0x0000000014a70000, 0x0000000016a00000)

Polling page: 0x00000000003f0000

CodeCache: size=245760Kb used=9268Kb max_used=9284Kb free=236491Kb
 bounds [0x0000000002870000, 0x0000000003190000, 0x0000000011870000]
 total_blobs=2987 nmethods=2528 adapters=379
 compilation: enabled

Compilation events (10 events):
Event: 65.493 Thread 0x0000000019724800 nmethod 2522 0x000000000315b750 code [0x000000000315b8c0, 0x000000000315bae8]
Event: 65.493 Thread 0x0000000019724800 2515       1       org.apache.poi.xssf.usermodel.XSSFCell::getRow (5 bytes)
Event: 65.493 Thread 0x0000000019724800 nmethod 2515 0x000000000315b490 code [0x000000000315b5e0, 0x000000000315b6f0]
Event: 65.493 Thread 0x0000000019724800 2520       1       org.apache.poi.ss.usermodel.CellType::getCode (5 bytes)
Event: 65.493 Thread 0x0000000019724800 nmethod 2520 0x000000000315b1d0 code [0x000000000315b320, 0x000000000315b430]
Event: 65.493 Thread 0x0000000019724800 2527       3       java.lang.String::toUpperCase (8 bytes)
Event: 65.493 Thread 0x0000000019724800 nmethod 2527 0x000000000315ad10 code [0x000000000315ae80, 0x000000000315b108]
Event: 65.499 Thread 0x0000000019724800 2528 %     3       org.json.simple.parser.Yylex::zzUnpackCMap @ 35 (56 bytes)
Event: 65.499 Thread 0x0000000019724800 nmethod 2528% 0x000000000316d450 code [0x000000000316d620, 0x000000000316deb8]
Event: 65.510 Thread 0x0000000019721800 nmethod 2512 0x0000000003183d10 code [0x0000000003183fe0, 0x0000000003185218]

GC Heap History (10 events):
Event: 1.387 GC heap before
{Heap before GC invocations=2 (full 0):
 PSYoungGen      total 38400K, used 38395K [0x00000000d5f00000, 0x00000000d8980000, 0x0000000100000000)
  eden space 33280K, 100% used [0x00000000d5f00000,0x00000000d7f80000,0x00000000d7f80000)
  from space 5120K, 99% used [0x00000000d7f80000,0x00000000d847ee88,0x00000000d8480000)
  to   space 5120K, 0% used [0x00000000d8480000,0x00000000d8480000,0x00000000d8980000)
 ParOldGen       total 87552K, used 507K [0x0000000081c00000, 0x0000000087180000, 0x00000000d5f00000)
  object space 87552K, 0% used [0x0000000081c00000,0x0000000081c7eec8,0x0000000087180000)
 Metaspace       used 13802K, capacity 13946K, committed 14080K, reserved 1060864K
  class space    used 1678K, capacity 1721K, committed 1792K, reserved 1048576K
Event: 1.392 GC heap after
Heap after GC invocations=2 (full 0):
 PSYoungGen      total 38400K, used 5109K [0x00000000d5f00000, 0x00000000d8980000, 0x0000000100000000)
  eden space 33280K, 0% used [0x00000000d5f00000,0x00000000d5f00000,0x00000000d7f80000)
  from space 5120K, 99% used [0x00000000d8480000,0x00000000d897d788,0x00000000d8980000)
  to   space 5120K, 0% used [0x00000000d7f80000,0x00000000d7f80000,0x00000000d8480000)
 ParOldGen       total 87552K, used 2817K [0x0000000081c00000, 0x0000000087180000, 0x00000000d5f00000)
  object space 87552K, 3% used [0x0000000081c00000,0x0000000081ec0680,0x0000000087180000)
 Metaspace       used 13802K, capacity 13946K, committed 14080K, reserved 1060864K
  class space    used 1678K, capacity 1721K, committed 1792K, reserved 1048576K
}
Event: 1.989 GC heap before
{Heap before GC invocations=3 (full 0):
 PSYoungGen      total 38400K, used 38389K [0x00000000d5f00000, 0x00000000d8980000, 0x0000000100000000)
  eden space 33280K, 100% used [0x00000000d5f00000,0x00000000d7f80000,0x00000000d7f80000)
  from space 5120K, 99% used [0x00000000d8480000,0x00000000d897d788,0x00000000d8980000)
  to   space 5120K, 0% used [0x00000000d7f80000,0x00000000d7f80000,0x00000000d8480000)
 ParOldGen       total 87552K, used 2817K [0x0000000081c00000, 0x0000000087180000, 0x00000000d5f00000)
  object space 87552K, 3% used [0x0000000081c00000,0x0000000081ec0680,0x0000000087180000)
 Metaspace       used 18310K, capacity 18606K, committed 18816K, reserved 1064960K
  class space    used 2212K, capacity 2325K, committed 2432K, reserved 1048576K
Event: 1.996 GC heap after
Heap after GC invocations=3 (full 0):
 PSYoungGen      total 38400K, used 5096K [0x00000000d5f00000, 0x00000000d8980000, 0x0000000100000000)
  eden space 33280K, 0% used [0x00000000d5f00000,0x00000000d5f00000,0x00000000d7f80000)
  from space 5120K, 99% used [0x00000000d7f80000,0x00000000d847a208,0x00000000d8480000)
  to   space 5120K, 0% used [0x00000000d8480000,0x00000000d8480000,0x00000000d8980000)
 ParOldGen       total 87552K, used 7045K [0x0000000081c00000, 0x0000000087180000, 0x00000000d5f00000)
  object space 87552K, 8% used [0x0000000081c00000,0x00000000822e16b0,0x0000000087180000)
 Metaspace       used 18310K, capacity 18606K, committed 18816K, reserved 1064960K
  class space    used 2212K, capacity 2325K, committed 2432K, reserved 1048576K
}
Event: 2.709 GC heap before
{Heap before GC invocations=4 (full 0):
 PSYoungGen      total 38400K, used 23106K [0x00000000d5f00000, 0x00000000d8980000, 0x0000000100000000)
  eden space 33280K, 54% used [0x00000000d5f00000,0x00000000d7096638,0x00000000d7f80000)
  from space 5120K, 99% used [0x00000000d7f80000,0x00000000d847a208,0x00000000d8480000)
  to   space 5120K, 0% used [0x00000000d8480000,0x00000000d8480000,0x00000000d8980000)
 ParOldGen       total 87552K, used 7045K [0x0000000081c00000, 0x0000000087180000, 0x00000000d5f00000)
  object space 87552K, 8% used [0x0000000081c00000,0x00000000822e16b0,0x0000000087180000)
 Metaspace       used 20850K, capacity 21138K, committed 21248K, reserved 1067008K
  class space    used 2619K, capacity 2741K, committed 2816K, reserved 1048576K
Event: 2.714 GC heap after
Heap after GC invocations=4 (full 0):
 PSYoungGen      total 38400K, used 5091K [0x00000000d5f00000, 0x00000000d8980000, 0x0000000100000000)
  eden space 33280K, 0% used [0x00000000d5f00000,0x00000000d5f00000,0x00000000d7f80000)
  from space 5120K, 99% used [0x00000000d8480000,0x00000000d8978f98,0x00000000d8980000)
  to   space 5120K, 0% used [0x00000000d7f80000,0x00000000d7f80000,0x00000000d8480000)
 ParOldGen       total 87552K, used 9442K [0x0000000081c00000, 0x0000000087180000, 0x00000000d5f00000)
  object space 87552K, 10% used [0x0000000081c00000,0x00000000825388c8,0x0000000087180000)
 Metaspace       used 20850K, capacity 21138K, committed 21248K, reserved 1067008K
  class space    used 2619K, capacity 2741K, committed 2816K, reserved 1048576K
}
Event: 2.714 GC heap before
{Heap before GC invocations=5 (full 1):
 PSYoungGen      total 38400K, used 5091K [0x00000000d5f00000, 0x00000000d8980000, 0x0000000100000000)
  eden space 33280K, 0% used [0x00000000d5f00000,0x00000000d5f00000,0x00000000d7f80000)
  from space 5120K, 99% used [0x00000000d8480000,0x00000000d8978f98,0x00000000d8980000)
  to   space 5120K, 0% used [0x00000000d7f80000,0x00000000d7f80000,0x00000000d8480000)
 ParOldGen       total 87552K, used 9442K [0x0000000081c00000, 0x0000000087180000, 0x00000000d5f00000)
  object space 87552K, 10% used [0x0000000081c00000,0x00000000825388c8,0x0000000087180000)
 Metaspace       used 20850K, capacity 21138K, committed 21248K, reserved 1067008K
  class space    used 2619K, capacity 2741K, committed 2816K, reserved 1048576K
Event: 2.743 GC heap after
Heap after GC invocations=5 (full 1):
 PSYoungGen      total 38400K, used 0K [0x00000000d5f00000, 0x00000000d8980000, 0x0000000100000000)
  eden space 33280K, 0% used [0x00000000d5f00000,0x00000000d5f00000,0x00000000d7f80000)
  from space 5120K, 0% used [0x00000000d8480000,0x00000000d8480000,0x00000000d8980000)
  to   space 5120K, 0% used [0x00000000d7f80000,0x00000000d7f80000,0x00000000d8480000)
 ParOldGen       total 67072K, used 10858K [0x0000000081c00000, 0x0000000085d80000, 0x00000000d5f00000)
  object space 67072K, 16% used [0x0000000081c00000,0x000000008269a890,0x0000000085d80000)
 Metaspace       used 20850K, capacity 21138K, committed 21248K, reserved 1067008K
  class space    used 2619K, capacity 2741K, committed 2816K, reserved 1048576K
}
Event: 65.430 GC heap before
{Heap before GC invocations=6 (full 1):
 PSYoungGen      total 38400K, used 33280K [0x00000000d5f00000, 0x00000000d8980000, 0x0000000100000000)
  eden space 33280K, 100% used [0x00000000d5f00000,0x00000000d7f80000,0x00000000d7f80000)
  from space 5120K, 0% used [0x00000000d8480000,0x00000000d8480000,0x00000000d8980000)
  to   space 5120K, 0% used [0x00000000d7f80000,0x00000000d7f80000,0x00000000d8480000)
 ParOldGen       total 67072K, used 10858K [0x0000000081c00000, 0x0000000085d80000, 0x00000000d5f00000)
  object space 67072K, 16% used [0x0000000081c00000,0x000000008269a890,0x0000000085d80000)
 Metaspace       used 24823K, capacity 25222K, committed 25344K, reserved 1071104K
  class space    used 3095K, capacity 3261K, committed 3328K, reserved 1048576K
Event: 65.433 GC heap after
Heap after GC invocations=6 (full 1):
 PSYoungGen      total 38400K, used 3753K [0x00000000d5f00000, 0x00000000da080000, 0x0000000100000000)
  eden space 33280K, 0% used [0x00000000d5f00000,0x00000000d5f00000,0x00000000d7f80000)
  from space 5120K, 73% used [0x00000000d7f80000,0x00000000d832a700,0x00000000d8480000)
  to   space 10240K, 0% used [0x00000000d9680000,0x00000000d9680000,0x00000000da080000)
 ParOldGen       total 67072K, used 10866K [0x0000000081c00000, 0x0000000085d80000, 0x00000000d5f00000)
  object space 67072K, 16% used [0x0000000081c00000,0x000000008269c890,0x0000000085d80000)
 Metaspace       used 24823K, capacity 25222K, committed 25344K, reserved 1071104K
  class space    used 3095K, capacity 3261K, committed 3328K, reserved 1048576K
}

Deoptimization events (10 events):
Event: 65.491 Thread 0x0000000002777000 Uncommon trap: reason=unhandled action=none pc=0x00000000030e4f90 method=java.net.URLClassLoader.findClass(Ljava/lang/String;)Ljava/lang/Class; @ 44
Event: 65.493 Thread 0x0000000002777000 Uncommon trap: reason=unhandled action=none pc=0x00000000030e4f90 method=java.net.URLClassLoader.findClass(Ljava/lang/String;)Ljava/lang/Class; @ 44
Event: 65.495 Thread 0x0000000002777000 Uncommon trap: reason=unhandled action=none pc=0x00000000030e4f90 method=java.net.URLClassLoader.findClass(Ljava/lang/String;)Ljava/lang/Class; @ 44
Event: 65.496 Thread 0x0000000002777000 Uncommon trap: reason=unhandled action=none pc=0x00000000030e4f90 method=java.net.URLClassLoader.findClass(Ljava/lang/String;)Ljava/lang/Class; @ 44
Event: 65.500 Thread 0x0000000002777000 Uncommon trap: reason=unhandled action=none pc=0x00000000030e4f90 method=java.net.URLClassLoader.findClass(Ljava/lang/String;)Ljava/lang/Class; @ 44
Event: 65.501 Thread 0x0000000002777000 Uncommon trap: reason=unhandled action=none pc=0x00000000030e4f90 method=java.net.URLClassLoader.findClass(Ljava/lang/String;)Ljava/lang/Class; @ 44
Event: 65.501 Thread 0x0000000002777000 Uncommon trap: reason=unhandled action=none pc=0x00000000030e4f90 method=java.net.URLClassLoader.findClass(Ljava/lang/String;)Ljava/lang/Class; @ 44
Event: 65.501 Thread 0x0000000002777000 Uncommon trap: reason=unhandled action=none pc=0x00000000030e4f90 method=java.net.URLClassLoader.findClass(Ljava/lang/String;)Ljava/lang/Class; @ 44
Event: 65.501 Thread 0x0000000002777000 Uncommon trap: reason=unhandled action=none pc=0x00000000030e4f90 method=java.net.URLClassLoader.findClass(Ljava/lang/String;)Ljava/lang/Class; @ 44
Event: 71.006 Thread 0x0000000002777000 Uncommon trap: reason=unhandled action=none pc=0x00000000030e4f90 method=java.net.URLClassLoader.findClass(Ljava/lang/String;)Ljava/lang/Class; @ 44

Classes redefined (3 events):
Event: 214.176 Thread 0x00000000177e9800 redefined class name=com.test.profinch.CashWithDrawal, count=1
Event: 260.475 Thread 0x00000000177e9800 redefined class name=com.test.profinch.CashWithDrawal, count=2
Event: 281.624 Thread 0x00000000177e9800 redefined class name=com.test.profinch.CashWithDrawal, count=3

Internal exceptions (10 events):
Event: 65.295 Thread 0x0000000002777000 Exception <a 'java/lang/ClassNotFoundException': java/lang/EnumCustomizer> (0x00000000d73e7078) thrown at [C:\re\workspace\8-2-build-windows-amd64-cygwin\jdk8u201\12322\hotspot\src\share\vm\classfile\systemDictionary.cpp, line 210]
Event: 65.296 Thread 0x0000000002777000 Exception <a 'java/lang/ArrayIndexOutOfBoundsException': 92> (0x00000000d73e9220) thrown at [C:\re\workspace\8-2-build-windows-amd64-cygwin\jdk8u201\12322\hotspot\src\share\vm\interpreter\interpreterRuntime.cpp, line 368]
Event: 65.296 Thread 0x0000000002777000 Exception <a 'java/lang/ArrayIndexOutOfBoundsException': 6> (0x00000000d73eba50) thrown at [C:\re\workspace\8-2-build-windows-amd64-cygwin\jdk8u201\12322\hotspot\src\share\vm\interpreter\interpreterRuntime.cpp, line 368]
Event: 65.296 Thread 0x0000000002777000 Exception <a 'java/lang/ArrayIndexOutOfBoundsException': 40> (0x00000000d73eca78) thrown at [C:\re\workspace\8-2-build-windows-amd64-cygwin\jdk8u201\12322\hotspot\src\share\vm\interpreter\interpreterRuntime.cpp, line 368]
Event: 65.296 Thread 0x0000000002777000 Exception <a 'java/lang/ArrayIndexOutOfBoundsException': 70> (0x00000000d73ee6b8) thrown at [C:\re\workspace\8-2-build-windows-amd64-cygwin\jdk8u201\12322\hotspot\src\share\vm\interpreter\interpreterRuntime.cpp, line 368]
Event: 65.296 Thread 0x0000000002777000 Exception <a 'java/lang/ArrayIndexOutOfBoundsException': 24> (0x00000000d73efae8) thrown at [C:\re\workspace\8-2-build-windows-amd64-cygwin\jdk8u201\12322\hotspot\src\share\vm\interpreter\interpreterRuntime.cpp, line 368]
Event: 65.297 Thread 0x0000000002777000 Exception <a 'java/lang/ClassNotFoundException': com/aventstack/extentreports/StatusCustomizer> (0x00000000d74088d8) thrown at [C:\re\workspace\8-2-build-windows-amd64-cygwin\jdk8u201\12322\hotspot\src\share\vm\classfile\systemDictionary.cpp, line 210]
Event: 65.297 Thread 0x0000000002777000 Exception <a 'java/lang/ArrayIndexOutOfBoundsException': 77> (0x00000000d740a8a8) thrown at [C:\re\workspace\8-2-build-windows-amd64-cygwin\jdk8u201\12322\hotspot\src\share\vm\interpreter\interpreterRuntime.cpp, line 368]
Event: 65.297 Thread 0x0000000002777000 Exception <a 'java/lang/ArrayIndexOutOfBoundsException': 57> (0x00000000d740cbb8) thrown at [C:\re\workspace\8-2-build-windows-amd64-cygwin\jdk8u201\12322\hotspot\src\share\vm\interpreter\interpreterRuntime.cpp, line 368]
Event: 75.099 Thread 0x0000000002777000 Exception <a 'java/lang/ClassCastException': org.json.simple.JSONArray cannot be cast to org.json.simple.JSONObject> (0x00000000d6410420) thrown at [C:\re\workspace\8-2-build-windows-amd64-cygwin\jdk8u201\12322\hotspot\src\share\vm\interpreter\interpreter

Events (10 events):
Event: 291.541 Executing VM operation: GetOwnedMonitorInfo done
Event: 359.894 Executing VM operation: GetCurrentContendedMonitor
Event: 359.894 Executing VM operation: GetCurrentContendedMonitor done
Event: 359.894 Executing VM operation: GetOwnedMonitorInfo
Event: 359.894 Executing VM operation: GetOwnedMonitorInfo done
Event: 370.498 Executing VM operation: GetOwnedMonitorInfo
Event: 370.498 Executing VM operation: GetOwnedMonitorInfo done
Event: 370.499 Executing VM operation: GetCurrentContendedMonitor
Event: 370.499 Executing VM operation: GetCurrentContendedMonitor done
Event: 370.508 Executing VM operation: GetOrSetLocal


Dynamic libraries:
0x00007ff6318e0000 - 0x00007ff631917000 	C:\Program Files\Java\jre1.8.0_201\bin\javaw.exe
0x00007ffde5800000 - 0x00007ffde59f0000 	C:\windows\SYSTEM32\ntdll.dll
0x00007ffde4330000 - 0x00007ffde43e2000 	C:\windows\System32\KERNEL32.DLL
0x00007ffde2910000 - 0x00007ffde2bb4000 	C:\windows\System32\KERNELBASE.dll
0x00007ffde5560000 - 0x00007ffde5603000 	C:\windows\System32\ADVAPI32.dll
0x00007ffde44d0000 - 0x00007ffde456e000 	C:\windows\System32\msvcrt.dll
0x00007ffde52d0000 - 0x00007ffde5367000 	C:\windows\System32\sechost.dll
0x00007ffde41e0000 - 0x00007ffde4300000 	C:\windows\System32\RPCRT4.dll
0x00007ffde4f80000 - 0x00007ffde5114000 	C:\windows\System32\USER32.dll
0x00007ffde28e0000 - 0x00007ffde2901000 	C:\windows\System32\win32u.dll
0x00007ffde4300000 - 0x00007ffde4326000 	C:\windows\System32\GDI32.dll
0x00007ffde3500000 - 0x00007ffde3695000 	C:\windows\System32\gdi32full.dll
0x00007ffde3460000 - 0x00007ffde34fe000 	C:\windows\System32\msvcp_win.dll
0x00007ffde2bc0000 - 0x00007ffde2cba000 	C:\windows\System32\ucrtbase.dll
0x00007ffdca4f0000 - 0x00007ffdca774000 	C:\windows\WinSxS\amd64_microsoft.windows.common-controls_6595b64144ccf1df_6.0.18362.900_none_e6beb9d913147d17\COMCTL32.dll
0x00007ffde4a00000 - 0x00007ffde4d35000 	C:\windows\System32\combase.dll
0x00007ffde36a0000 - 0x00007ffde3720000 	C:\windows\System32\bcryptPrimitives.dll
0x00007ffde43f0000 - 0x00007ffde441e000 	C:\windows\System32\IMM32.DLL
0x00000000645c0000 - 0x0000000064691000 	C:\Program Files\Java\jre1.8.0_201\bin\msvcr100.dll
0x0000000064780000 - 0x0000000065024000 	C:\Program Files\Java\jre1.8.0_201\bin\server\jvm.dll
0x00007ffde4570000 - 0x00007ffde4578000 	C:\windows\System32\PSAPI.DLL
0x00007ffddc6a0000 - 0x00007ffddc6aa000 	C:\windows\SYSTEM32\VERSION.dll
0x00007ffdddc30000 - 0x00007ffdddc54000 	C:\windows\SYSTEM32\WINMM.dll
0x00007ffdc98f0000 - 0x00007ffdc98f9000 	C:\windows\SYSTEM32\WSOCK32.dll
0x00007ffde5120000 - 0x00007ffde518f000 	C:\windows\System32\WS2_32.dll
0x00007ffdddc00000 - 0x00007ffdddc2d000 	C:\windows\SYSTEM32\WINMMBASE.dll
0x00007ffde37b0000 - 0x00007ffde37fa000 	C:\windows\System32\cfgmgr32.dll
0x00007ffdd8770000 - 0x00007ffdd877f000 	C:\Program Files\Java\jre1.8.0_201\bin\verify.dll
0x00007ffdd4110000 - 0x00007ffdd4139000 	C:\Program Files\Java\jre1.8.0_201\bin\java.dll
0x00007ffdbb190000 - 0x00007ffdbb1c5000 	C:\Program Files\Java\jre1.8.0_201\bin\jdwp.dll
0x00007ffdc8190000 - 0x00007ffdc8198000 	C:\Program Files\Java\jre1.8.0_201\bin\npt.dll
0x00007ffdd86f0000 - 0x00007ffdd8706000 	C:\Program Files\Java\jre1.8.0_201\bin\zip.dll
0x00007ffde3a60000 - 0x00007ffde4146000 	C:\windows\System32\SHELL32.dll
0x00007ffde4420000 - 0x00007ffde44c9000 	C:\windows\System32\shcore.dll
0x00007ffde2cc0000 - 0x00007ffde3440000 	C:\windows\System32\windows.storage.dll
0x00007ffde2720000 - 0x00007ffde2743000 	C:\windows\System32\profapi.dll
0x00007ffde26d0000 - 0x00007ffde271a000 	C:\windows\System32\powrprof.dll
0x00007ffde26c0000 - 0x00007ffde26d0000 	C:\windows\System32\UMPDC.dll
0x00007ffde5370000 - 0x00007ffde53c2000 	C:\windows\System32\shlwapi.dll
0x00007ffde2750000 - 0x00007ffde2761000 	C:\windows\System32\kernel.appcore.dll
0x00007ffde3440000 - 0x00007ffde3457000 	C:\windows\System32\cryptsp.dll
0x00007ffdc2b80000 - 0x00007ffdc2b89000 	C:\Program Files\Java\jre1.8.0_201\bin\dt_socket.dll
0x00007ffdc95e0000 - 0x00007ffdc95f6000 	C:\windows\system32\napinsp.dll
0x00007ffdc95c0000 - 0x00007ffdc95da000 	C:\windows\system32\pnrpnsp.dll
0x00007ffde1ed0000 - 0x00007ffde1f37000 	C:\windows\System32\mswsock.dll
0x00007ffde1c20000 - 0x00007ffde1ceb000 	C:\windows\SYSTEM32\DNSAPI.dll
0x00007ffde4f70000 - 0x00007ffde4f78000 	C:\windows\System32\NSI.dll
0x00007ffde1be0000 - 0x00007ffde1c1a000 	C:\windows\SYSTEM32\IPHLPAPI.DLL
0x00007ffdc95b0000 - 0x00007ffdc95be000 	C:\windows\System32\winrnr.dll
0x00007ffddd250000 - 0x00007ffddd26c000 	C:\windows\system32\NLAapi.dll
0x00007ffddd4e0000 - 0x00007ffddd4f5000 	C:\windows\system32\wshbth.dll
0x00007ffddd730000 - 0x00007ffddd7a7000 	C:\windows\System32\fwpuclnt.dll
0x00007ffde3780000 - 0x00007ffde37a6000 	C:\windows\System32\bcrypt.dll
0x00007ffdd5880000 - 0x00007ffdd588a000 	C:\Windows\System32\rasadhlp.dll
0x00007ffdd40f0000 - 0x00007ffdd410a000 	C:\Program Files\Java\jre1.8.0_201\bin\net.dll
0x00007ffdd8450000 - 0x00007ffdd8626000 	C:\windows\SYSTEM32\urlmon.dll
0x00007ffdd2450000 - 0x00007ffdd26f6000 	C:\windows\SYSTEM32\iertutil.dll
0x00007ffde20a0000 - 0x00007ffde20ac000 	C:\windows\SYSTEM32\CRYPTBASE.DLL
0x00007ffde1a40000 - 0x00007ffde1a73000 	C:\windows\system32\rsaenh.dll
0x00007ffde25b0000 - 0x00007ffde25d5000 	C:\windows\SYSTEM32\USERENV.dll
0x00007ffddd4a0000 - 0x00007ffddd4b6000 	C:\windows\SYSTEM32\dhcpcsvc6.DLL
0x00007ffddd480000 - 0x00007ffddd49c000 	C:\windows\SYSTEM32\dhcpcsvc.DLL
0x00007ffdd40d0000 - 0x00007ffdd40e1000 	C:\Program Files\Java\jre1.8.0_201\bin\nio.dll
0x00007ffdab470000 - 0x00007ffdab494000 	C:\Program Files\Java\jre1.8.0_201\bin\sunec.dll
0x00007ffde0eb0000 - 0x00007ffde10a4000 	C:\windows\SYSTEM32\dbghelp.dll

VM Arguments:
jvm_args: -agentlib:jdwp=transport=dt_socket,suspend=y,address=localhost:56353 -ea -Dfile.encoding=Cp1252 
java_command: org.testng.remote.RemoteTestNG -serport 56352 -protocol json -d C:\Users\naveen.kumar\eclipse-workspace\naveen123\proFInflow\test-output C:\Users\NAVEEN~1.KUM\AppData\Local\Temp\testng-eclipse-1068025946\testng-customsuite.xml
java_class_path (initial): C:\Users\naveen.kumar\Downloads\eclipse\configuration\org.eclipse.osgi\1017\0\.cp\lib\testng-remote.jar;C:\Program Files\Java\jre1.8.0_201\lib\resources.jar;C:\Program Files\Java\jre1.8.0_201\lib\rt.jar;C:\Program Files\Java\jre1.8.0_201\lib\jsse.jar;C:\Program Files\Java\jre1.8.0_201\lib\jce.jar;C:\Program Files\Java\jre1.8.0_201\lib\charsets.jar;C:\Program Files\Java\jre1.8.0_201\lib\jfr.jar;C:\Program Files\Java\jre1.8.0_201\lib\ext\access-bridge-64.jar;C:\Program Files\Java\jre1.8.0_201\lib\ext\cldrdata.jar;C:\Program Files\Java\jre1.8.0_201\lib\ext\dnsns.jar;C:\Program Files\Java\jre1.8.0_201\lib\ext\jaccess.jar;C:\Program Files\Java\jre1.8.0_201\lib\ext\jfxrt.jar;C:\Program Files\Java\jre1.8.0_201\lib\ext\localedata.jar;C:\Program Files\Java\jre1.8.0_201\lib\ext\nashorn.jar;C:\Program Files\Java\jre1.8.0_201\lib\ext\sunec.jar;C:\Program Files\Java\jre1.8.0_201\lib\ext\sunjce_provider.jar;C:\Program Files\Java\jre1.8.0_201\lib\ext\sunmscapi.jar;C:\Program Files\Java\jre1.8.0_201\lib\ext\sunpkcs11.jar;C:\Program Files\Java\jre1.8.0_201\lib\ext\zipfs.jar;C:\Users\naveen.kumar\eclipse-workspace\naveen123\proFInflow\target\test-classes;C:\Users\naveen.kumar\eclipse-workspace\naveen123\proFInflow\target\classes;C:\Users\naveen.kumar\Downloads\eclipse\plugins\org.testng_6.14.3.r201802240500.jar;C:\Users\naveen.kumar\Downloads\eclipse\plugins\com.beust.jcommander_1.72.0.jar;C:\Users\naveen.kumar\Downloads\eclipse\plugins\org.apache-extras.beanshell.bsh_2.0.0.b6.jar;C:\Users\naveen.kumar\Downloads\eclipse\plugins\org.yaml.snakeyaml_1.21.0.jar;C:\Users\naveen.kumar\.m2\repository\junit\junit\3.8.1\junit-3.8.1.jar;C:\Users\naveen.kumar\.m2\repository\org\seleniumhq\selenium\selenium-java\3.5.3\selenium-java-3.5.3.jar;C:\Users\naveen.kumar\.m2\repository\org\seleniumhq\selenium\selenium-api\3.5.3\selenium-api-3.5.3.jar;C:\Users\naveen.kumar\.m2\repository\org\seleniumhq\selenium\selenium-chrome-driver\3.5.3\selenium-chrome-driver-3.5.3.jar;C:\
Launcher Type: SUN_STANDARD

Environment Variables:
JAVA_HOME=C:\Program Files\Java\jdk1.8.0_201
JRE_HOME=C:\Program Files\Java\jre1.8.0_201
PATH=C:/Program Files/Java/jre1.8.0_201/bin/server;C:/Program Files/Java/jre1.8.0_201/bin;C:/Program Files/Java/jre1.8.0_201/lib/amd64;C:\Program Files (x86)\Common Files\Oracle\Java\javapath;C:\windows\system32;C:\windows;C:\windows\System32\Wbem;C:\windows\System32\WindowsPowerShell\v1.0\;C:\windows\System32\OpenSSH\;C:\Program Files\apache-maven-3.6.3\bin;C:\Program Files\Git\cmd;C:\Users\naveen.kumar\AppData\Local\Microsoft\WindowsApps;;C:\Users\naveen.kumar\Downloads\eclipse;
USERNAME=Naveen.Kumar
OS=Windows_NT
PROCESSOR_IDENTIFIER=Intel64 Family 6 Model 142 Stepping 12, GenuineIntel



---------------  S Y S T E M  ---------------

OS: Windows 10.0 , 64 bit Build 18362 (10.0.18362.900)

CPU:total 8 (initial active 8) (4 cores per cpu, 2 threads per core) family 6 model 142 stepping 12, cmov, cx8, fxsr, mmx, sse, sse2, sse3, ssse3, sse4.1, sse4.2, popcnt, avx, avx2, aes, clmul, erms, 3dnowpref, lzcnt, ht, tsc, tscinvbit, bmi1, bmi2, adx

Memory: 4k page, physical 8272116k(1953512k free), swap 15087860k(6774852k free)

vm_info: Java HotSpot(TM) 64-Bit Server VM (25.201-b09) for windows-amd64 JRE (1.8.0_201-b09), built on Dec 15 2018 18:36:39 by "java_re" with MS VC++ 10.0 (VS2010)

time: Wed Jun 17 11:28:33 2020
timezone: India Standard Time
elapsed time: 371 seconds (0d 0h 6m 11s)

